<?xml version="1.0" encoding="UTF-8"?>
<!-- Generated by org.testng.reporters.JUnitReportReporter -->
<testsuite skipped="0" hostname="GAURAVBHA-LT" name="com.selenium.TestJenkins" tests="1" failures="0" timestamp="2022-02-04T09:18:44 IST" time="5.917" errors="0">
  <testcase name="testGoogleLaunch" time="5.917" classname="com.selenium.TestJenkins"/>
  <system-out/>
</testsuite> <!-- com.selenium.TestJenkins -->
